<?xml version="1.0" encoding="utf-8"?><testsuites name="pytest tests"><testsuite name="pytest" errors="0" failures="0" skipped="0" tests="9" time="1.948" timestamp="2026-05-13T10:42:22.243243+00:00" hostname="agent-env-80242f1f-090a-4498-8821-db3227409cdc"><testcase classname="backend.tests.test_cohort_filtering" name="test_submissions_cohort_persisted" time="0.642" /><testcase classname="backend.tests.test_cohort_filtering" name="test_post_eval_cohort_persisted" time="0.000" /><testcase classname="backend.tests.test_cohort_filtering" name="test_stats_filter_by_cohort" time="0.364" /><testcase classname="backend.tests.test_cohort_filtering" name="test_submissions_listing_filter" time="0.100" /><testcase classname="backend.tests.test_cohort_filtering" name="test_post_eval_stats_filter" time="0.147" /><testcase classname="backend.tests.test_cohort_filtering" name="test_export_csv_filter" time="0.102" /><testcase classname="backend.tests.test_cohort_filtering" name="test_post_eval_export_filter" time="0.102" /><testcase classname="backend.tests.test_cohort_filtering" name="test_admin_login" time="0.210" /><testcase classname="backend.tests.test_cohort_filtering" name="test_cohorts_endpoint" time="0.110" /></testsuite></testsuites>