<?xml version="1.0" encoding="utf-8"?><testsuites name="pytest tests"><testsuite name="pytest" errors="0" failures="0" skipped="2" tests="18" time="2.121" timestamp="2026-04-17T15:46:21.123921+00:00" hostname="agent-env-80242f1f-090a-4498-8821-db3227409cdc"><testcase classname="backend.tests.test_posteval_enhanced.TestPostEvalStatsEnhanced" name="test_post_eval_stats_returns_programme_effectiveness" time="0.160" /><testcase classname="backend.tests.test_posteval_enhanced.TestPostEvalStatsEnhanced" name="test_post_eval_stats_returns_commitment_summary" time="0.112" /><testcase classname="backend.tests.test_posteval_enhanced.TestPostEvalStatsEnhanced" name="test_post_eval_stats_returns_feedback_highlights" time="0.128" /><testcase classname="backend.tests.test_posteval_enhanced.TestPostEvalStatsEnhanced" name="test_post_eval_stats_returns_agents_built_summary" time="0.131" /><testcase classname="backend.tests.test_posteval_enhanced.TestPostEvalStatsEnhanced" name="test_post_eval_stats_returns_capability_shift_summary" time="0.104" /><testcase classname="backend.tests.test_posteval_enhanced.TestPostEvalPDFExport" name="test_pdf_export_returns_valid_pdf" time="0.165" /><testcase classname="backend.tests.test_posteval_enhanced.TestPostEvalPDFExport" name="test_pdf_export_has_reasonable_size" time="0.205" /><testcase classname="backend.tests.test_posteval_enhanced.TestPostEvalCSVExport" name="test_csv_export_returns_valid_csv" time="0.116" /><testcase classname="backend.tests.test_posteval_enhanced.TestPostEvalCSVExport" name="test_csv_export_has_proper_headers" time="0.116" /><testcase classname="backend.tests.test_posteval_enhanced.TestPostEvalCSVExport" name="test_csv_export_has_data_rows" time="0.116" /><testcase classname="backend.tests.test_posteval_enhanced.TestPostEval404Cases" name="test_pdf_export_returns_404_when_empty" time="0.000"><skipped type="pytest.skip" message="Requires deleting all post_evaluations - run manually if needed">/app/backend/tests/test_posteval_enhanced.py:217: Requires deleting all post_evaluations - run manually if needed</skipped></testcase><testcase classname="backend.tests.test_posteval_enhanced.TestPostEval404Cases" name="test_csv_export_returns_404_when_empty" time="0.000"><skipped type="pytest.skip" message="Requires deleting all post_evaluations - run manually if needed">/app/backend/tests/test_posteval_enhanced.py:225: Requires deleting all post_evaluations - run manually if needed</skipped></testcase><testcase classname="backend.tests.test_posteval_enhanced.TestExistingEndpointsNotBroken" name="test_admin_stats_still_works" time="0.116" /><testcase classname="backend.tests.test_posteval_enhanced.TestExistingEndpointsNotBroken" name="test_admin_report_still_works" time="0.100" /><testcase classname="backend.tests.test_posteval_enhanced.TestExistingEndpointsNotBroken" name="test_admin_report_pdf_still_works" time="0.109" /><testcase classname="backend.tests.test_posteval_enhanced.TestExistingEndpointsNotBroken" name="test_admin_export_still_works" time="0.114" /><testcase classname="backend.tests.test_posteval_enhanced.TestExistingEndpointsNotBroken" name="test_post_evaluations_list_still_works" time="0.107" /><testcase classname="backend.tests.test_posteval_enhanced.TestExistingEndpointsNotBroken" name="test_landing_page_api_works" time="0.113" /></testsuite></testsuites>