<?xml version="1.0" encoding="utf-8"?><testsuites name="pytest tests"><testsuite name="pytest" errors="0" failures="0" skipped="0" tests="18" time="2.320" timestamp="2026-04-17T15:08:20.717486+00:00" hostname="agent-env-80242f1f-090a-4498-8821-db3227409cdc"><testcase classname="backend.tests.test_post_eval_admin.TestPostEvalStatsEndpoint" name="test_post_eval_stats_returns_200" time="0.182" /><testcase classname="backend.tests.test_post_eval_admin.TestPostEvalStatsEndpoint" name="test_post_eval_stats_has_total" time="0.116" /><testcase classname="backend.tests.test_post_eval_admin.TestPostEvalStatsEndpoint" name="test_post_eval_stats_has_nps_data" time="0.118" /><testcase classname="backend.tests.test_post_eval_admin.TestPostEvalStatsEndpoint" name="test_post_eval_stats_has_readiness_distribution" time="0.115" /><testcase classname="backend.tests.test_post_eval_admin.TestPostEvalStatsEndpoint" name="test_post_eval_stats_has_session_ratings" time="0.115" /><testcase classname="backend.tests.test_post_eval_admin.TestPostEvalStatsEndpoint" name="test_post_eval_stats_has_facilitator_ratings" time="0.145" /><testcase classname="backend.tests.test_post_eval_admin.TestPostEvalStatsEndpoint" name="test_post_eval_stats_has_tool_averages" time="0.166" /><testcase classname="backend.tests.test_post_eval_admin.TestPostEvalStatsEndpoint" name="test_post_eval_stats_has_goals_achieved" time="0.110" /><testcase classname="backend.tests.test_post_eval_admin.TestPostEvalStatsEndpoint" name="test_post_eval_stats_has_one_thing_status" time="0.134" /><testcase classname="backend.tests.test_post_eval_admin.TestPostEvalStatsEndpoint" name="test_post_eval_stats_has_submissions_list" time="0.115" /><testcase classname="backend.tests.test_post_eval_admin.TestPostEvaluationsEndpoint" name="test_get_post_evaluations_returns_200" time="0.104" /><testcase classname="backend.tests.test_post_eval_admin.TestPostEvaluationsEndpoint" name="test_get_post_evaluations_has_structure" time="0.140" /><testcase classname="backend.tests.test_post_eval_admin.TestPostEvaluationsEndpoint" name="test_get_post_evaluations_full_data" time="0.119" /><testcase classname="backend.tests.test_post_eval_admin.TestExistingEndpointsNotBroken" name="test_admin_stats_still_works" time="0.112" /><testcase classname="backend.tests.test_post_eval_admin.TestExistingEndpointsNotBroken" name="test_admin_report_still_works" time="0.109" /><testcase classname="backend.tests.test_post_eval_admin.TestExistingEndpointsNotBroken" name="test_admin_login_still_works" time="0.133" /><testcase classname="backend.tests.test_post_eval_admin.TestExistingEndpointsNotBroken" name="test_submissions_endpoint_still_works" time="0.106" /><testcase classname="backend.tests.test_post_eval_admin.TestExistingEndpointsNotBroken" name="test_subsidiaries_endpoint_still_works" time="0.108" /></testsuite></testsuites>