<?xml version="1.0" encoding="utf-8"?><testsuites name="pytest tests"><testsuite name="pytest" errors="0" failures="0" skipped="0" tests="12" time="2.051" timestamp="2026-04-17T14:46:59.793356+00:00" hostname="agent-env-80242f1f-090a-4498-8821-db3227409cdc"><testcase classname="backend.tests.test_post_evaluation.TestPostEvalDrafts" name="test_save_draft_new" time="0.235" /><testcase classname="backend.tests.test_post_evaluation.TestPostEvalDrafts" name="test_get_draft" time="0.159" /><testcase classname="backend.tests.test_post_evaluation.TestPostEvalDrafts" name="test_update_draft" time="0.227" /><testcase classname="backend.tests.test_post_evaluation.TestPostEvalDrafts" name="test_get_nonexistent_draft" time="0.128" /><testcase classname="backend.tests.test_post_evaluation.TestPostEvaluations" name="test_submit_evaluation" time="0.117" /><testcase classname="backend.tests.test_post_evaluation.TestPostEvaluations" name="test_list_evaluations" time="0.105" /><testcase classname="backend.tests.test_post_evaluation.TestPostEvaluations" name="test_submit_and_verify_draft_deleted" time="0.300" /><testcase classname="backend.tests.test_post_evaluation.TestExistingEndpoints" name="test_root_endpoint" time="0.113" /><testcase classname="backend.tests.test_post_evaluation.TestExistingEndpoints" name="test_subsidiaries_endpoint" time="0.125" /><testcase classname="backend.tests.test_post_evaluation.TestExistingEndpoints" name="test_admin_login" time="0.127" /><testcase classname="backend.tests.test_post_evaluation.TestExistingEndpoints" name="test_admin_login_invalid" time="0.120" /><testcase classname="backend.tests.test_post_evaluation.TestExistingEndpoints" name="test_submissions_list" time="0.113" /></testsuite></testsuites>