<?xml version="1.0" encoding="utf-8"?><testsuites name="pytest tests"><testsuite name="pytest" errors="0" failures="0" skipped="0" tests="15" time="2.359" timestamp="2026-04-17T14:57:05.383139+00:00" hostname="agent-env-80242f1f-090a-4498-8821-db3227409cdc"><testcase classname="backend.tests.test_pdf_export.TestPDFExport" name="test_01_api_health_check" time="0.219" /><testcase classname="backend.tests.test_pdf_export.TestPDFExport" name="test_02_create_test_submissions" time="0.228" /><testcase classname="backend.tests.test_pdf_export.TestPDFExport" name="test_03_get_submissions_list" time="0.134" /><testcase classname="backend.tests.test_pdf_export.TestPDFExport" name="test_04_pdf_export_returns_valid_pdf" time="0.134" /><testcase classname="backend.tests.test_pdf_export.TestPDFExport" name="test_05_csv_export_still_works" time="0.134" /><testcase classname="backend.tests.test_pdf_export.TestPDFExport" name="test_06_admin_stats_endpoint" time="0.108" /><testcase classname="backend.tests.test_pdf_export.TestPDFExport" name="test_07_admin_report_json_endpoint" time="0.126" /><testcase classname="backend.tests.test_pdf_export.TestPDFExport" name="test_08_subsidiaries_endpoint" time="0.126" /><testcase classname="backend.tests.test_pdf_export.TestPDFExport" name="test_09_admin_login" time="0.102" /><testcase classname="backend.tests.test_pdf_export.TestPDFExport" name="test_10_admin_login_invalid" time="0.112" /><testcase classname="backend.tests.test_pdf_export.TestPDFExportEdgeCases" name="test_pdf_content_structure" time="0.148" /><testcase classname="backend.tests.test_pdf_export.TestExistingEndpointsNotBroken" name="test_drafts_endpoint" time="0.171" /><testcase classname="backend.tests.test_pdf_export.TestExistingEndpointsNotBroken" name="test_post_eval_drafts_endpoint" time="0.226" /><testcase classname="backend.tests.test_pdf_export.TestExistingEndpointsNotBroken" name="test_post_evaluations_endpoint" time="0.157" /><testcase classname="backend.tests.test_pdf_export.TestExistingEndpointsNotBroken" name="test_admin_insights_endpoint" time="0.142" /></testsuite></testsuites>